<?xml version="1.0" encoding="UTF-8"?>
<!-- Generated by org.testng.reporters.JUnitReportReporter -->
<testsuite hostname="DESKTOP-JGSMD3M" failures="1" tests="1" name="testrunner.FailedTestRunner" time="20.614" errors="0" timestamp="2022-06-21T15:21:50 IST" skipped="0">
  <testcase classname="testrunner.FailedTestRunner" name="runScenario" time="20.614">
    <failure message="expected [Beetroot] but found [No data]" type="java.lang.AssertionError">
      <![CDATA[java.lang.AssertionError: expected [Beetroot] but found [No data]
at org.testng.Assert.fail(Assert.java:99)
at org.testng.Assert.failNotEquals(Assert.java:1037)
at org.testng.Assert.assertEqualsImpl(Assert.java:140)
at org.testng.Assert.assertEquals(Assert.java:122)
at org.testng.Assert.assertEquals(Assert.java:629)
at org.testng.Assert.assertEquals(Assert.java:639)
at stepdefinition.ProductSearchPage.check_if_product_exist_with_same_name(ProductSearchPage.java:51)
at ✽.check if product exist with same name(file:///C:/Users/hp/eclipse-workspace/practicecucumber/src/test/java/featurefile/search.feature:10)
]]>
    </failure>
  </testcase> <!-- runScenario -->
  <system-out/>
</testsuite> <!-- testrunner.FailedTestRunner -->
